2024-08-20 11:18:21 | INFO | MT903345 ID from primer.bed is found in the MSA
2024-08-20 11:18:21 | INFO | KJ642613.1 remapping ID is found in the MSA
2024-08-20 11:18:21 | DEBUG | Mapped MPXV_1_LEFT: MT903345:378 -> KJ642613.1:159
2024-08-20 11:18:21 | DEBUG | Mapped MPXV_1_RIGHT: MT903345:2395 -> KJ642613.1:2191
2024-08-20 11:18:21 | DEBUG | Mapped MPXV_2_LEFT: MT903345:1461 -> KJ642613.1:1259
2024-08-20 11:18:21 | DEBUG | Mapped MPXV_2_RIGHT: MT903345:3353 -> KJ642613.1:3149
2024-08-20 11:18:21 | DEBUG | Mapped MPXV_3_LEFT: MT903345:2628 -> KJ642613.1:2424
2024-08-20 11:18:21 | DEBUG | Mapped MPXV_3_RIGHT: MT903345:4593 -> KJ642613.1:4389
2024-08-20 11:18:21 | DEBUG | Mapped MPXV_4_LEFT: MT903345:4012 -> KJ642613.1:3808
2024-08-20 11:18:21 | DEBUG | Mapped MPXV_4_RIGHT: MT903345:5584 -> KJ642613.1:5298
2024-08-20 11:18:21 | DEBUG | Mapped MPXV_5_LEFT: MT903345:5013 -> KJ642613.1:4727
2024-08-20 11:18:21 | DEBUG | Mapped MPXV_5_RIGHT: MT903345:7027 -> KJ642613.1:6771
2024-08-20 11:18:21 | DEBUG | Mapped MPXV_6_LEFT: MT903345:6156 -> KJ642613.1:5870
2024-08-20 11:18:21 | DEBUG | Mapped MPXV_6_RIGHT: MT903345:8202 -> KJ642613.1:7937
2024-08-20 11:18:21 | DEBUG | Mapped MPXV_7_LEFT: MT903345:7439 -> KJ642613.1:7172
2024-08-20 11:18:21 | DEBUG | Mapped MPXV_7_RIGHT: MT903345:9405 -> KJ642613.1:9170
2024-08-20 11:18:21 | DEBUG | Mapped MPXV_8_LEFT: MT903345:8880 -> KJ642613.1:8647
2024-08-20 11:18:21 | DEBUG | Mapped MPXV_8_RIGHT: MT903345:10646 -> KJ642613.1:10476
2024-08-20 11:18:21 | DEBUG | Mapped MPXV_9_LEFT: MT903345:9789 -> KJ642613.1:9569
2024-08-20 11:18:21 | DEBUG | Mapped MPXV_9_RIGHT: MT903345:11731 -> KJ642613.1:11561
2024-08-20 11:18:21 | DEBUG | Mapped MPXV_10_LEFT: MT903345:10751 -> KJ642613.1:10581
2024-08-20 11:18:21 | DEBUG | Mapped MPXV_10_RIGHT: MT903345:12880 -> KJ642613.1:12710
2024-08-20 11:18:21 | DEBUG | Mapped MPXV_11_LEFT: MT903345:12312 -> KJ642613.1:12142
2024-08-20 11:18:21 | DEBUG | Mapped MPXV_11_RIGHT: MT903345:14020 -> KJ642613.1:13868
2024-08-20 11:18:21 | DEBUG | Mapped MPXV_12_LEFT: MT903345:13101 -> KJ642613.1:12936
2024-08-20 11:18:21 | DEBUG | Mapped MPXV_12_RIGHT: MT903345:15347 -> KJ642613.1:15195
2024-08-20 11:18:21 | DEBUG | Mapped MPXV_13_LEFT: MT903345:14685 -> KJ642613.1:14533
2024-08-20 11:18:21 | DEBUG | Mapped MPXV_13_RIGHT: MT903345:16733 -> KJ642613.1:16576
2024-08-20 11:18:21 | WARNING | Gap preventing direct mapping of MPXV_14_LEFT MT903345:15888 -> KJ642613.1
2024-08-20 11:18:21 | WARNING | Fixed with non-direct mapping MT903345:15888 -> KJ642613.1:15734
2024-08-20 11:18:21 | DEBUG | Mapped MPXV_14_LEFT: MT903345:15888 -> KJ642613.1:15734
2024-08-20 11:18:21 | DEBUG | Mapped MPXV_14_RIGHT: MT903345:18116 -> KJ642613.1:17956
2024-08-20 11:18:21 | DEBUG | Mapped MPXV_15_LEFT: MT903345:17304 -> KJ642613.1:17147
2024-08-20 11:18:21 | DEBUG | Mapped MPXV_15_RIGHT: MT903345:19262 -> KJ642613.1:21055
2024-08-20 11:18:21 | DEBUG | Mapped MPXV_16_LEFT: MT903345:18316 -> KJ642613.1:18156
2024-08-20 11:18:21 | DEBUG | Mapped MPXV_16_RIGHT: MT903345:20256 -> KJ642613.1:22050
2024-08-20 11:18:21 | DEBUG | Mapped MPXV_17_LEFT: MT903345:19762 -> KJ642613.1:21556
2024-08-20 11:18:21 | DEBUG | Mapped MPXV_17_RIGHT: MT903345:21690 -> KJ642613.1:23485
2024-08-20 11:18:21 | DEBUG | Mapped MPXV_18_LEFT: MT903345:21091 -> KJ642613.1:22885
2024-08-20 11:18:21 | DEBUG | Mapped MPXV_18_RIGHT: MT903345:22848 -> KJ642613.1:24649
2024-08-20 11:18:21 | DEBUG | Mapped MPXV_19_LEFT: MT903345:22051 -> KJ642613.1:23846
2024-08-20 11:18:21 | DEBUG | Mapped MPXV_19_RIGHT: MT903345:23931 -> KJ642613.1:25756
2024-08-20 11:18:21 | DEBUG | Mapped MPXV_20_LEFT: MT903345:23080 -> KJ642613.1:24881
2024-08-20 11:18:21 | DEBUG | Mapped MPXV_20_RIGHT: MT903345:24880 -> KJ642613.1:26703
2024-08-20 11:18:21 | DEBUG | Mapped MPXV_21_LEFT: MT903345:23997 -> KJ642613.1:25822
2024-08-20 11:18:21 | DEBUG | Mapped MPXV_21_RIGHT: MT903345:26160 -> KJ642613.1:27986
2024-08-20 11:18:21 | DEBUG | Mapped MPXV_22_LEFT: MT903345:25333 -> KJ642613.1:27156
2024-08-20 11:18:21 | DEBUG | Mapped MPXV_22_RIGHT: MT903345:27552 -> KJ642613.1:29378
2024-08-20 11:18:21 | DEBUG | Mapped MPXV_23_LEFT: MT903345:26832 -> KJ642613.1:28658
2024-08-20 11:18:21 | DEBUG | Mapped MPXV_23_RIGHT: MT903345:28859 -> KJ642613.1:30666
2024-08-20 11:18:21 | DEBUG | Mapped MPXV_24_LEFT: MT903345:27880 -> KJ642613.1:29706
2024-08-20 11:18:21 | DEBUG | Mapped MPXV_24_RIGHT: MT903345:30041 -> KJ642613.1:31858
2024-08-20 11:18:21 | DEBUG | Mapped MPXV_25_LEFT: MT903345:29514 -> KJ642613.1:31321
2024-08-20 11:18:21 | DEBUG | Mapped MPXV_25_RIGHT: MT903345:31057 -> KJ642613.1:32874
2024-08-20 11:18:21 | DEBUG | Mapped MPXV_26_LEFT: MT903345:30158 -> KJ642613.1:31975
2024-08-20 11:18:21 | DEBUG | Mapped MPXV_26_RIGHT: MT903345:32426 -> KJ642613.1:34240
2024-08-20 11:18:21 | DEBUG | Mapped MPXV_27_LEFT: MT903345:31752 -> KJ642613.1:33569
2024-08-20 11:18:21 | DEBUG | Mapped MPXV_27_RIGHT: MT903345:33548 -> KJ642613.1:35360
2024-08-20 11:18:21 | DEBUG | Mapped MPXV_28_LEFT: MT903345:33022 -> KJ642613.1:34836
2024-08-20 11:18:21 | DEBUG | Mapped MPXV_28_RIGHT: MT903345:34964 -> KJ642613.1:36776
2024-08-20 11:18:21 | DEBUG | Mapped MPXV_29_LEFT: MT903345:34203 -> KJ642613.1:36015
2024-08-20 11:18:21 | DEBUG | Mapped MPXV_29_RIGHT: MT903345:36344 -> KJ642613.1:38156
2024-08-20 11:18:21 | DEBUG | Mapped MPXV_30_LEFT: MT903345:35654 -> KJ642613.1:37466
2024-08-20 11:18:21 | DEBUG | Mapped MPXV_30_RIGHT: MT903345:37370 -> KJ642613.1:39182
2024-08-20 11:18:21 | DEBUG | Mapped MPXV_31_LEFT: MT903345:36445 -> KJ642613.1:38257
2024-08-20 11:18:21 | DEBUG | Mapped MPXV_31_RIGHT: MT903345:38633 -> KJ642613.1:40445
2024-08-20 11:18:21 | DEBUG | Mapped MPXV_32_LEFT: MT903345:37925 -> KJ642613.1:39737
2024-08-20 11:18:21 | DEBUG | Mapped MPXV_32_RIGHT: MT903345:39666 -> KJ642613.1:41477
2024-08-20 11:18:21 | DEBUG | Mapped MPXV_33_LEFT: MT903345:38961 -> KJ642613.1:40773
2024-08-20 11:18:21 | DEBUG | Mapped MPXV_33_RIGHT: MT903345:40939 -> KJ642613.1:42750
2024-08-20 11:18:21 | DEBUG | Mapped MPXV_34_LEFT: MT903345:40047 -> KJ642613.1:41858
2024-08-20 11:18:21 | DEBUG | Mapped MPXV_34_RIGHT: MT903345:42129 -> KJ642613.1:43940
2024-08-20 11:18:21 | DEBUG | Mapped MPXV_35_LEFT: MT903345:41208 -> KJ642613.1:43019
2024-08-20 11:18:21 | DEBUG | Mapped MPXV_35_RIGHT: MT903345:43252 -> KJ642613.1:45063
2024-08-20 11:18:21 | DEBUG | Mapped MPXV_36_LEFT: MT903345:42598 -> KJ642613.1:44409
2024-08-20 11:18:21 | DEBUG | Mapped MPXV_36_RIGHT: MT903345:44393 -> KJ642613.1:46204
2024-08-20 11:18:21 | DEBUG | Mapped MPXV_37_LEFT: MT903345:43835 -> KJ642613.1:45646
2024-08-20 11:18:21 | DEBUG | Mapped MPXV_37_RIGHT: MT903345:45826 -> KJ642613.1:47637
2024-08-20 11:18:21 | DEBUG | Mapped MPXV_38_LEFT: MT903345:45287 -> KJ642613.1:47098
2024-08-20 11:18:21 | DEBUG | Mapped MPXV_38_RIGHT: MT903345:47160 -> KJ642613.1:48967
2024-08-20 11:18:21 | DEBUG | Mapped MPXV_39_LEFT: MT903345:46406 -> KJ642613.1:48217
2024-08-20 11:18:21 | DEBUG | Mapped MPXV_39_RIGHT: MT903345:48581 -> KJ642613.1:50638
2024-08-20 11:18:21 | DEBUG | Mapped MPXV_40_LEFT: MT903345:47909 -> KJ642613.1:49716
2024-08-20 11:18:21 | DEBUG | Mapped MPXV_40_RIGHT: MT903345:49557 -> KJ642613.1:51614
2024-08-20 11:18:21 | DEBUG | Mapped MPXV_41_LEFT: MT903345:49036 -> KJ642613.1:51093
2024-08-20 11:18:21 | DEBUG | Mapped MPXV_41_RIGHT: MT903345:50960 -> KJ642613.1:52999
2024-08-20 11:18:21 | DEBUG | Mapped MPXV_42_LEFT: MT903345:50037 -> KJ642613.1:52094
2024-08-20 11:18:21 | DEBUG | Mapped MPXV_42_RIGHT: MT903345:52313 -> KJ642613.1:54353
2024-08-20 11:18:21 | DEBUG | Mapped MPXV_43_LEFT: MT903345:51431 -> KJ642613.1:53470
2024-08-20 11:18:21 | DEBUG | Mapped MPXV_43_RIGHT: MT903345:53382 -> KJ642613.1:55422
2024-08-20 11:18:21 | DEBUG | Mapped MPXV_44_LEFT: MT903345:52767 -> KJ642613.1:54807
2024-08-20 11:18:21 | DEBUG | Mapped MPXV_44_RIGHT: MT903345:54376 -> KJ642613.1:56416
2024-08-20 11:18:21 | DEBUG | Mapped MPXV_45_LEFT: MT903345:53819 -> KJ642613.1:55859
2024-08-20 11:18:21 | DEBUG | Mapped MPXV_45_RIGHT: MT903345:55509 -> KJ642613.1:57549
2024-08-20 11:18:21 | DEBUG | Mapped MPXV_46_LEFT: MT903345:54874 -> KJ642613.1:56914
2024-08-20 11:18:21 | DEBUG | Mapped MPXV_46_RIGHT: MT903345:56830 -> KJ642613.1:58870
2024-08-20 11:18:21 | DEBUG | Mapped MPXV_47_LEFT: MT903345:55996 -> KJ642613.1:58036
2024-08-20 11:18:21 | DEBUG | Mapped MPXV_47_RIGHT: MT903345:57890 -> KJ642613.1:59930
2024-08-20 11:18:21 | DEBUG | Mapped MPXV_48_LEFT: MT903345:57255 -> KJ642613.1:59295
2024-08-20 11:18:21 | DEBUG | Mapped MPXV_48_RIGHT: MT903345:59232 -> KJ642613.1:61272
2024-08-20 11:18:21 | DEBUG | Mapped MPXV_49_LEFT: MT903345:58705 -> KJ642613.1:60745
2024-08-20 11:18:21 | DEBUG | Mapped MPXV_49_RIGHT: MT903345:60300 -> KJ642613.1:62340
2024-08-20 11:18:21 | DEBUG | Mapped MPXV_50_LEFT: MT903345:59339 -> KJ642613.1:61379
2024-08-20 11:18:21 | DEBUG | Mapped MPXV_50_RIGHT: MT903345:61288 -> KJ642613.1:63328
2024-08-20 11:18:21 | DEBUG | Mapped MPXV_51_LEFT: MT903345:60733 -> KJ642613.1:62773
2024-08-20 11:18:21 | DEBUG | Mapped MPXV_51_RIGHT: MT903345:62585 -> KJ642613.1:64626
2024-08-20 11:18:21 | DEBUG | Mapped MPXV_52_LEFT: MT903345:61813 -> KJ642613.1:63853
2024-08-20 11:18:21 | DEBUG | Mapped MPXV_52_RIGHT: MT903345:63941 -> KJ642613.1:65982
2024-08-20 11:18:21 | DEBUG | Mapped MPXV_53_LEFT: MT903345:63162 -> KJ642613.1:65203
2024-08-20 11:18:21 | DEBUG | Mapped MPXV_53_RIGHT: MT903345:64969 -> KJ642613.1:67010
2024-08-20 11:18:21 | DEBUG | Mapped MPXV_54_LEFT: MT903345:64259 -> KJ642613.1:66300
2024-08-20 11:18:21 | DEBUG | Mapped MPXV_54_RIGHT: MT903345:66153 -> KJ642613.1:68194
2024-08-20 11:18:21 | DEBUG | Mapped MPXV_55_LEFT: MT903345:65328 -> KJ642613.1:67369
2024-08-20 11:18:21 | DEBUG | Mapped MPXV_55_RIGHT: MT903345:67356 -> KJ642613.1:69397
2024-08-20 11:18:21 | DEBUG | Mapped MPXV_56_LEFT: MT903345:66532 -> KJ642613.1:68573
2024-08-20 11:18:21 | DEBUG | Mapped MPXV_56_RIGHT: MT903345:68422 -> KJ642613.1:70463
2024-08-20 11:18:21 | DEBUG | Mapped MPXV_57_LEFT: MT903345:67475 -> KJ642613.1:69516
2024-08-20 11:18:21 | DEBUG | Mapped MPXV_57_RIGHT: MT903345:69517 -> KJ642613.1:71558
2024-08-20 11:18:21 | DEBUG | Mapped MPXV_58_LEFT: MT903345:68704 -> KJ642613.1:70745
2024-08-20 11:18:21 | DEBUG | Mapped MPXV_58_RIGHT: MT903345:70481 -> KJ642613.1:72522
2024-08-20 11:18:21 | DEBUG | Mapped MPXV_59_LEFT: MT903345:69744 -> KJ642613.1:71785
2024-08-20 11:18:21 | DEBUG | Mapped MPXV_59_RIGHT: MT903345:71941 -> KJ642613.1:73982
2024-08-20 11:18:21 | DEBUG | Mapped MPXV_60_LEFT: MT903345:71238 -> KJ642613.1:73279
2024-08-20 11:18:21 | DEBUG | Mapped MPXV_60_RIGHT: MT903345:73103 -> KJ642613.1:75144
2024-08-20 11:18:21 | DEBUG | Mapped MPXV_61_LEFT: MT903345:72380 -> KJ642613.1:74421
2024-08-20 11:18:21 | DEBUG | Mapped MPXV_61_RIGHT: MT903345:74275 -> KJ642613.1:76316
2024-08-20 11:18:21 | DEBUG | Mapped MPXV_62_LEFT: MT903345:73573 -> KJ642613.1:75614
2024-08-20 11:18:21 | DEBUG | Mapped MPXV_62_RIGHT: MT903345:75439 -> KJ642613.1:77480
2024-08-20 11:18:21 | DEBUG | Mapped MPXV_63_LEFT: MT903345:74555 -> KJ642613.1:76596
2024-08-20 11:18:21 | DEBUG | Mapped MPXV_63_RIGHT: MT903345:76557 -> KJ642613.1:78598
2024-08-20 11:18:21 | DEBUG | Mapped MPXV_64_LEFT: MT903345:75845 -> KJ642613.1:77886
2024-08-20 11:18:21 | DEBUG | Mapped MPXV_64_RIGHT: MT903345:77575 -> KJ642613.1:79616
2024-08-20 11:18:21 | DEBUG | Mapped MPXV_65_LEFT: MT903345:76778 -> KJ642613.1:78819
2024-08-20 11:18:21 | DEBUG | Mapped MPXV_65_RIGHT: MT903345:78814 -> KJ642613.1:80855
2024-08-20 11:18:21 | DEBUG | Mapped MPXV_66_LEFT: MT903345:77919 -> KJ642613.1:79960
2024-08-20 11:18:21 | DEBUG | Mapped MPXV_66_RIGHT: MT903345:80075 -> KJ642613.1:82116
2024-08-20 11:18:21 | DEBUG | Mapped MPXV_67_LEFT: MT903345:79198 -> KJ642613.1:81239
2024-08-20 11:18:21 | DEBUG | Mapped MPXV_67_RIGHT: MT903345:81264 -> KJ642613.1:83305
2024-08-20 11:18:21 | DEBUG | Mapped MPXV_68_LEFT: MT903345:80691 -> KJ642613.1:82732
2024-08-20 11:18:21 | DEBUG | Mapped MPXV_68_RIGHT: MT903345:82491 -> KJ642613.1:84532
2024-08-20 11:18:21 | DEBUG | Mapped MPXV_69_LEFT: MT903345:81748 -> KJ642613.1:83789
2024-08-20 11:18:21 | DEBUG | Mapped MPXV_69_RIGHT: MT903345:83678 -> KJ642613.1:85719
2024-08-20 11:18:21 | DEBUG | Mapped MPXV_70_LEFT: MT903345:83038 -> KJ642613.1:85079
2024-08-20 11:18:21 | DEBUG | Mapped MPXV_70_RIGHT: MT903345:84751 -> KJ642613.1:86792
2024-08-20 11:18:21 | DEBUG | Mapped MPXV_71_LEFT: MT903345:83981 -> KJ642613.1:86022
2024-08-20 11:18:21 | DEBUG | Mapped MPXV_71_RIGHT: MT903345:85799 -> KJ642613.1:87840
2024-08-20 11:18:21 | DEBUG | Mapped MPXV_72_LEFT: MT903345:85187 -> KJ642613.1:87228
2024-08-20 11:18:21 | DEBUG | Mapped MPXV_72_RIGHT: MT903345:87066 -> KJ642613.1:89107
2024-08-20 11:18:21 | DEBUG | Mapped MPXV_73_LEFT: MT903345:86510 -> KJ642613.1:88551
2024-08-20 11:18:21 | DEBUG | Mapped MPXV_73_RIGHT: MT903345:88323 -> KJ642613.1:90364
2024-08-20 11:18:21 | DEBUG | Mapped MPXV_74_LEFT: MT903345:87622 -> KJ642613.1:89663
2024-08-20 11:18:21 | DEBUG | Mapped MPXV_74_RIGHT: MT903345:89649 -> KJ642613.1:91690
2024-08-20 11:18:21 | DEBUG | Mapped MPXV_75_LEFT: MT903345:88726 -> KJ642613.1:90767
2024-08-20 11:18:21 | DEBUG | Mapped MPXV_75_RIGHT: MT903345:91056 -> KJ642613.1:93106
2024-08-20 11:18:21 | DEBUG | Mapped MPXV_76_LEFT: MT903345:90382 -> KJ642613.1:92432
2024-08-20 11:18:21 | DEBUG | Mapped MPXV_76_RIGHT: MT903345:92246 -> KJ642613.1:94296
2024-08-20 11:18:21 | DEBUG | Mapped MPXV_77_LEFT: MT903345:91486 -> KJ642613.1:93536
2024-08-20 11:18:21 | DEBUG | Mapped MPXV_77_RIGHT: MT903345:93361 -> KJ642613.1:95411
2024-08-20 11:18:21 | DEBUG | Mapped MPXV_78_LEFT: MT903345:92729 -> KJ642613.1:94779
2024-08-20 11:18:21 | DEBUG | Mapped MPXV_78_RIGHT: MT903345:94547 -> KJ642613.1:96597
2024-08-20 11:18:21 | DEBUG | Mapped MPXV_79_LEFT: MT903345:93874 -> KJ642613.1:95924
2024-08-20 11:18:21 | DEBUG | Mapped MPXV_79_RIGHT: MT903345:95607 -> KJ642613.1:97657
2024-08-20 11:18:21 | DEBUG | Mapped MPXV_80_LEFT: MT903345:94894 -> KJ642613.1:96944
2024-08-20 11:18:21 | DEBUG | Mapped MPXV_80_RIGHT: MT903345:96654 -> KJ642613.1:98704
2024-08-20 11:18:21 | DEBUG | Mapped MPXV_81_LEFT: MT903345:95919 -> KJ642613.1:97969
2024-08-20 11:18:21 | DEBUG | Mapped MPXV_81_RIGHT: MT903345:97806 -> KJ642613.1:99856
2024-08-20 11:18:21 | DEBUG | Mapped MPXV_82_LEFT: MT903345:97232 -> KJ642613.1:99282
2024-08-20 11:18:21 | DEBUG | Mapped MPXV_82_RIGHT: MT903345:99077 -> KJ642613.1:101127
2024-08-20 11:18:21 | DEBUG | Mapped MPXV_83_LEFT: MT903345:98161 -> KJ642613.1:100211
2024-08-20 11:18:21 | DEBUG | Mapped MPXV_83_RIGHT: MT903345:100447 -> KJ642613.1:102497
2024-08-20 11:18:21 | DEBUG | Mapped MPXV_84_LEFT: MT903345:99487 -> KJ642613.1:101537
2024-08-20 11:18:21 | DEBUG | Mapped MPXV_84_RIGHT: MT903345:101705 -> KJ642613.1:103755
2024-08-20 11:18:21 | DEBUG | Mapped MPXV_85_LEFT: MT903345:101099 -> KJ642613.1:103149
2024-08-20 11:18:21 | DEBUG | Mapped MPXV_85_RIGHT: MT903345:102833 -> KJ642613.1:104883
2024-08-20 11:18:21 | DEBUG | Mapped MPXV_86_LEFT: MT903345:101938 -> KJ642613.1:103988
2024-08-20 11:18:21 | DEBUG | Mapped MPXV_86_RIGHT: MT903345:103806 -> KJ642613.1:105856
2024-08-20 11:18:21 | DEBUG | Mapped MPXV_87_LEFT: MT903345:103257 -> KJ642613.1:105307
2024-08-20 11:18:21 | DEBUG | Mapped MPXV_87_RIGHT: MT903345:105068 -> KJ642613.1:107118
2024-08-20 11:18:21 | DEBUG | Mapped MPXV_88_LEFT: MT903345:104069 -> KJ642613.1:106119
2024-08-20 11:18:21 | DEBUG | Mapped MPXV_88_RIGHT: MT903345:106298 -> KJ642613.1:108348
2024-08-20 11:18:21 | DEBUG | Mapped MPXV_89_LEFT: MT903345:105429 -> KJ642613.1:107479
2024-08-20 11:18:21 | DEBUG | Mapped MPXV_89_RIGHT: MT903345:107404 -> KJ642613.1:109454
2024-08-20 11:18:21 | DEBUG | Mapped MPXV_90_LEFT: MT903345:106768 -> KJ642613.1:108818
2024-08-20 11:18:21 | DEBUG | Mapped MPXV_90_RIGHT: MT903345:108585 -> KJ642613.1:110636
2024-08-20 11:18:21 | DEBUG | Mapped MPXV_91_LEFT: MT903345:107949 -> KJ642613.1:110000
2024-08-20 11:18:21 | DEBUG | Mapped MPXV_91_RIGHT: MT903345:109870 -> KJ642613.1:111921
2024-08-20 11:18:21 | DEBUG | Mapped MPXV_92_LEFT: MT903345:109272 -> KJ642613.1:111323
2024-08-20 11:18:21 | DEBUG | Mapped MPXV_92_RIGHT: MT903345:111172 -> KJ642613.1:113223
2024-08-20 11:18:21 | DEBUG | Mapped MPXV_93_LEFT: MT903345:110570 -> KJ642613.1:112621
2024-08-20 11:18:21 | DEBUG | Mapped MPXV_93_RIGHT: MT903345:112346 -> KJ642613.1:114397
2024-08-20 11:18:21 | DEBUG | Mapped MPXV_94_LEFT: MT903345:111747 -> KJ642613.1:113798
2024-08-20 11:18:21 | DEBUG | Mapped MPXV_94_RIGHT: MT903345:113489 -> KJ642613.1:115540
2024-08-20 11:18:21 | DEBUG | Mapped MPXV_95_LEFT: MT903345:112815 -> KJ642613.1:114866
2024-08-20 11:18:21 | DEBUG | Mapped MPXV_95_RIGHT: MT903345:114896 -> KJ642613.1:116947
2024-08-20 11:18:21 | DEBUG | Mapped MPXV_96_LEFT: MT903345:114050 -> KJ642613.1:116101
2024-08-20 11:18:21 | DEBUG | Mapped MPXV_96_RIGHT: MT903345:116193 -> KJ642613.1:118244
2024-08-20 11:18:21 | DEBUG | Mapped MPXV_97_LEFT: MT903345:115670 -> KJ642613.1:117721
2024-08-20 11:18:21 | DEBUG | Mapped MPXV_97_RIGHT: MT903345:117548 -> KJ642613.1:119599
2024-08-20 11:18:21 | DEBUG | Mapped MPXV_98_LEFT: MT903345:116902 -> KJ642613.1:118953
2024-08-20 11:18:21 | DEBUG | Mapped MPXV_98_RIGHT: MT903345:118585 -> KJ642613.1:120636
2024-08-20 11:18:21 | DEBUG | Mapped MPXV_99_LEFT: MT903345:117778 -> KJ642613.1:119829
2024-08-20 11:18:21 | DEBUG | Mapped MPXV_99_RIGHT: MT903345:119762 -> KJ642613.1:121813
2024-08-20 11:18:21 | DEBUG | Mapped MPXV_100_LEFT: MT903345:118969 -> KJ642613.1:121020
2024-08-20 11:18:21 | DEBUG | Mapped MPXV_100_RIGHT: MT903345:120739 -> KJ642613.1:122790
2024-08-20 11:18:21 | DEBUG | Mapped MPXV_101_LEFT: MT903345:120277 -> KJ642613.1:122328
2024-08-20 11:18:21 | DEBUG | Mapped MPXV_101_RIGHT: MT903345:121948 -> KJ642613.1:123999
2024-08-20 11:18:21 | DEBUG | Mapped MPXV_102_LEFT: MT903345:121346 -> KJ642613.1:123397
2024-08-20 11:18:21 | DEBUG | Mapped MPXV_102_RIGHT: MT903345:122954 -> KJ642613.1:125005
2024-08-20 11:18:21 | DEBUG | Mapped MPXV_103_LEFT: MT903345:122370 -> KJ642613.1:124421
2024-08-20 11:18:21 | DEBUG | Mapped MPXV_103_RIGHT: MT903345:124294 -> KJ642613.1:126345
2024-08-20 11:18:21 | DEBUG | Mapped MPXV_104_LEFT: MT903345:123629 -> KJ642613.1:125680
2024-08-20 11:18:21 | DEBUG | Mapped MPXV_104_RIGHT: MT903345:125605 -> KJ642613.1:127656
2024-08-20 11:18:21 | DEBUG | Mapped MPXV_105_LEFT: MT903345:124691 -> KJ642613.1:126742
2024-08-20 11:18:21 | DEBUG | Mapped MPXV_105_RIGHT: MT903345:126984 -> KJ642613.1:129035
2024-08-20 11:18:21 | DEBUG | Mapped MPXV_106_LEFT: MT903345:126349 -> KJ642613.1:128400
2024-08-20 11:18:21 | DEBUG | Mapped MPXV_106_RIGHT: MT903345:128363 -> KJ642613.1:130414
2024-08-20 11:18:21 | DEBUG | Mapped MPXV_107_LEFT: MT903345:127478 -> KJ642613.1:129529
2024-08-20 11:18:21 | DEBUG | Mapped MPXV_107_RIGHT: MT903345:129806 -> KJ642613.1:131857
2024-08-20 11:18:21 | DEBUG | Mapped MPXV_108_LEFT: MT903345:129017 -> KJ642613.1:131068
2024-08-20 11:18:21 | DEBUG | Mapped MPXV_108_RIGHT: MT903345:131239 -> KJ642613.1:133290
2024-08-20 11:18:21 | DEBUG | Mapped MPXV_109_LEFT: MT903345:130381 -> KJ642613.1:132432
2024-08-20 11:18:21 | DEBUG | Mapped MPXV_109_RIGHT: MT903345:132681 -> KJ642613.1:134741
2024-08-20 11:18:21 | DEBUG | Mapped MPXV_110_LEFT: MT903345:132083 -> KJ642613.1:134134
2024-08-20 11:18:21 | DEBUG | Mapped MPXV_110_RIGHT: MT903345:133984 -> KJ642613.1:135562
2024-08-20 11:18:21 | DEBUG | Mapped MPXV_111_LEFT: MT903345:133147 -> KJ642613.1:135188
2024-08-20 11:18:21 | DEBUG | Mapped MPXV_111_RIGHT: MT903345:135056 -> KJ642613.1:136634
2024-08-20 11:18:21 | DEBUG | Mapped MPXV_112_LEFT: MT903345:134063 -> KJ642613.1:135641
2024-08-20 11:18:21 | DEBUG | Mapped MPXV_112_RIGHT: MT903345:136220 -> KJ642613.1:137798
2024-08-20 11:18:21 | DEBUG | Mapped MPXV_113_LEFT: MT903345:135210 -> KJ642613.1:136788
2024-08-20 11:18:21 | DEBUG | Mapped MPXV_113_RIGHT: MT903345:137446 -> KJ642613.1:139033
2024-08-20 11:18:21 | DEBUG | Mapped MPXV_114_LEFT: MT903345:136658 -> KJ642613.1:138245
2024-08-20 11:18:21 | DEBUG | Mapped MPXV_114_RIGHT: MT903345:138456 -> KJ642613.1:140043
2024-08-20 11:18:21 | DEBUG | Mapped MPXV_115_LEFT: MT903345:137775 -> KJ642613.1:139362
2024-08-20 11:18:21 | DEBUG | Mapped MPXV_115_RIGHT: MT903345:139755 -> KJ642613.1:141339
2024-08-20 11:18:21 | DEBUG | Mapped MPXV_116_LEFT: MT903345:139088 -> KJ642613.1:140675
2024-08-20 11:18:21 | DEBUG | Mapped MPXV_116_RIGHT: MT903345:141135 -> KJ642613.1:142719
2024-08-20 11:18:21 | DEBUG | Mapped MPXV_117_LEFT: MT903345:140527 -> KJ642613.1:142111
2024-08-20 11:18:21 | DEBUG | Mapped MPXV_117_RIGHT: MT903345:142493 -> KJ642613.1:144077
2024-08-20 11:18:21 | DEBUG | Mapped MPXV_118_LEFT: MT903345:141748 -> KJ642613.1:143332
2024-08-20 11:18:21 | DEBUG | Mapped MPXV_118_RIGHT: MT903345:143899 -> KJ642613.1:145484
2024-08-20 11:18:21 | DEBUG | Mapped MPXV_119_LEFT: MT903345:143147 -> KJ642613.1:144730
2024-08-20 11:18:21 | DEBUG | Mapped MPXV_119_RIGHT: MT903345:145129 -> KJ642613.1:146713
2024-08-20 11:18:21 | DEBUG | Mapped MPXV_120_LEFT: MT903345:144243 -> KJ642613.1:145828
2024-08-20 11:18:21 | DEBUG | Mapped MPXV_120_RIGHT: MT903345:146504 -> KJ642613.1:148109
2024-08-20 11:18:21 | DEBUG | Mapped MPXV_121_LEFT: MT903345:145705 -> KJ642613.1:147289
2024-08-20 11:18:21 | DEBUG | Mapped MPXV_121_RIGHT: MT903345:147491 -> KJ642613.1:149110
2024-08-20 11:18:21 | DEBUG | Mapped MPXV_122_LEFT: MT903345:146677 -> KJ642613.1:148282
2024-08-20 11:18:21 | DEBUG | Mapped MPXV_122_RIGHT: MT903345:148776 -> KJ642613.1:150398
2024-08-20 11:18:21 | DEBUG | Mapped MPXV_123_LEFT: MT903345:148216 -> KJ642613.1:149835
2024-08-20 11:18:21 | DEBUG | Mapped MPXV_123_RIGHT: MT903345:150016 -> KJ642613.1:151638
2024-08-20 11:18:21 | DEBUG | Mapped MPXV_124_LEFT: MT903345:149202 -> KJ642613.1:150824
2024-08-20 11:18:21 | DEBUG | Mapped MPXV_124_RIGHT: MT903345:151244 -> KJ642613.1:152863
2024-08-20 11:18:21 | DEBUG | Mapped MPXV_125_LEFT: MT903345:150479 -> KJ642613.1:152101
2024-08-20 11:18:21 | DEBUG | Mapped MPXV_125_RIGHT: MT903345:152584 -> KJ642613.1:154200
2024-08-20 11:18:21 | DEBUG | Mapped MPXV_126_LEFT: MT903345:151837 -> KJ642613.1:153456
2024-08-20 11:18:21 | DEBUG | Mapped MPXV_126_RIGHT: MT903345:153595 -> KJ642613.1:155211
2024-08-20 11:18:21 | DEBUG | Mapped MPXV_127_LEFT: MT903345:152677 -> KJ642613.1:154293
2024-08-20 11:18:21 | DEBUG | Mapped MPXV_127_RIGHT: MT903345:154813 -> KJ642613.1:156427
2024-08-20 11:18:21 | DEBUG | Mapped MPXV_128_LEFT: MT903345:154014 -> KJ642613.1:155630
2024-08-20 11:18:21 | DEBUG | Mapped MPXV_128_RIGHT: MT903345:155899 -> KJ642613.1:157521
2024-08-20 11:18:21 | DEBUG | Mapped MPXV_129_LEFT: MT903345:155028 -> KJ642613.1:156642
2024-08-20 11:18:21 | WARNING | Gap preventing direct mapping of MPXV_129_RIGHT MT903345:157303 -> KJ642613.1
2024-08-20 11:18:21 | WARNING | Fixed with non-direct mapping MT903345:157303 -> KJ642613.1:158016
2024-08-20 11:18:21 | DEBUG | Mapped MPXV_129_RIGHT: MT903345:157303 -> KJ642613.1:158016
2024-08-20 11:18:21 | WARNING | Gap preventing direct mapping of MPXV_130_LEFT MT903345:156565 -> KJ642613.1
2024-08-20 11:18:21 | WARNING | Fixed with non-direct mapping MT903345:156565 -> KJ642613.1:158017
2024-08-20 11:18:21 | DEBUG | Mapped MPXV_130_LEFT: MT903345:156565 -> KJ642613.1:158017
2024-08-20 11:18:21 | WARNING | Gap preventing direct mapping of MPXV_130_RIGHT MT903345:158259 -> KJ642613.1
2024-08-20 11:18:21 | WARNING | Fixed with non-direct mapping MT903345:158259 -> KJ642613.1:158016
2024-08-20 11:18:21 | DEBUG | Mapped MPXV_130_RIGHT: MT903345:158259 -> KJ642613.1:158016
2024-08-20 11:18:21 | WARNING | Gap preventing direct mapping of MPXV_131_LEFT MT903345:157805 -> KJ642613.1
2024-08-20 11:18:21 | WARNING | Fixed with non-direct mapping MT903345:157805 -> KJ642613.1:158017
2024-08-20 11:18:21 | DEBUG | Mapped MPXV_131_LEFT: MT903345:157805 -> KJ642613.1:158017
2024-08-20 11:18:21 | DEBUG | Mapped MPXV_131_RIGHT: MT903345:159433 -> KJ642613.1:158792
2024-08-20 11:18:21 | WARNING | Gap preventing direct mapping of MPXV_132_LEFT MT903345:158421 -> KJ642613.1
2024-08-20 11:18:21 | WARNING | Fixed with non-direct mapping MT903345:158421 -> KJ642613.1:158017
2024-08-20 11:18:21 | DEBUG | Mapped MPXV_132_LEFT: MT903345:158421 -> KJ642613.1:158017
2024-08-20 11:18:21 | DEBUG | Mapped MPXV_132_RIGHT: MT903345:160872 -> KJ642613.1:160234
2024-08-20 11:18:21 | DEBUG | Mapped MPXV_133_LEFT: MT903345:160120 -> KJ642613.1:159482
2024-08-20 11:18:21 | DEBUG | Mapped MPXV_133_RIGHT: MT903345:162057 -> KJ642613.1:161419
2024-08-20 11:18:21 | DEBUG | Mapped MPXV_134_LEFT: MT903345:161335 -> KJ642613.1:160697
2024-08-20 11:18:21 | DEBUG | Mapped MPXV_134_RIGHT: MT903345:163043 -> KJ642613.1:162405
2024-08-20 11:18:21 | DEBUG | Mapped MPXV_135_LEFT: MT903345:162577 -> KJ642613.1:161939
2024-08-20 11:18:21 | DEBUG | Mapped MPXV_135_RIGHT: MT903345:164489 -> KJ642613.1:163843
2024-08-20 11:18:21 | DEBUG | Mapped MPXV_136_LEFT: MT903345:163880 -> KJ642613.1:163234
2024-08-20 11:18:21 | DEBUG | Mapped MPXV_136_RIGHT: MT903345:165513 -> KJ642613.1:164867
2024-08-20 11:18:21 | DEBUG | Mapped MPXV_137_LEFT: MT903345:164960 -> KJ642613.1:164314
2024-08-20 11:18:21 | DEBUG | Mapped MPXV_137_RIGHT: MT903345:166946 -> KJ642613.1:166304
2024-08-20 11:18:21 | DEBUG | Mapped MPXV_138_LEFT: MT903345:166015 -> KJ642613.1:165369
2024-08-20 11:18:21 | DEBUG | Mapped MPXV_138_RIGHT: MT903345:168215 -> KJ642613.1:167574
2024-08-20 11:18:21 | DEBUG | Mapped MPXV_139_LEFT: MT903345:167525 -> KJ642613.1:166883
2024-08-20 11:18:21 | DEBUG | Mapped MPXV_139_RIGHT: MT903345:169254 -> KJ642613.1:168614
2024-08-20 11:18:21 | DEBUG | Mapped MPXV_140_LEFT: MT903345:168336 -> KJ642613.1:167696
2024-08-20 11:18:21 | DEBUG | Mapped MPXV_140_RIGHT: MT903345:170374 -> KJ642613.1:169810
2024-08-20 11:18:21 | DEBUG | Mapped MPXV_141_LEFT: MT903345:169628 -> KJ642613.1:168992
2024-08-20 11:18:21 | DEBUG | Mapped MPXV_141_RIGHT: MT903345:171509 -> KJ642613.1:170952
2024-08-20 11:18:21 | DEBUG | Mapped MPXV_142_LEFT: MT903345:170953 -> KJ642613.1:170396
2024-08-20 11:18:21 | DEBUG | Mapped MPXV_142_RIGHT: MT903345:172513 -> KJ642613.1:171955
2024-08-20 11:18:21 | DEBUG | Mapped MPXV_143_LEFT: MT903345:171920 -> KJ642613.1:171363
2024-08-20 11:18:21 | DEBUG | Mapped MPXV_143_RIGHT: MT903345:173581 -> KJ642613.1:172944
2024-08-20 11:18:21 | DEBUG | Mapped MPXV_144_LEFT: MT903345:173031 -> KJ642613.1:172473
2024-08-20 11:18:21 | DEBUG | Mapped MPXV_144_RIGHT: MT903345:174796 -> KJ642613.1:174148
2024-08-20 11:18:21 | DEBUG | Mapped MPXV_145_LEFT: MT903345:174147 -> KJ642613.1:173510
2024-08-20 11:18:21 | DEBUG | Mapped MPXV_145_RIGHT: MT903345:176213 -> KJ642613.1:175565
2024-08-20 11:18:21 | DEBUG | Mapped MPXV_146_LEFT: MT903345:175359 -> KJ642613.1:174711
2024-08-20 11:18:21 | DEBUG | Mapped MPXV_146_RIGHT: MT903345:177271 -> KJ642613.1:176623
2024-08-20 11:18:21 | DEBUG | Mapped MPXV_147_LEFT: MT903345:176321 -> KJ642613.1:175673
2024-08-20 11:18:21 | DEBUG | Mapped MPXV_147_RIGHT: MT903345:178300 -> KJ642613.1:177666
2024-08-20 11:18:21 | DEBUG | Mapped MPXV_148_LEFT: MT903345:177456 -> KJ642613.1:176808
2024-08-20 11:18:21 | DEBUG | Mapped MPXV_148_RIGHT: MT903345:179327 -> KJ642613.1:178852
2024-08-20 11:18:21 | DEBUG | Mapped MPXV_149_LEFT: MT903345:178785 -> KJ642613.1:178149
2024-08-20 11:18:21 | DEBUG | Mapped MPXV_149_RIGHT: MT903345:180553 -> KJ642613.1:180078
2024-08-20 11:18:21 | DEBUG | Mapped MPXV_150_LEFT: MT903345:179694 -> KJ642613.1:179219
2024-08-20 11:18:21 | DEBUG | Mapped MPXV_150_RIGHT: MT903345:181536 -> KJ642613.1:181054
2024-08-20 11:18:21 | DEBUG | Mapped MPXV_151_LEFT: MT903345:181065 -> KJ642613.1:180590
2024-08-20 11:18:21 | DEBUG | Mapped MPXV_151_RIGHT: MT903345:182725 -> KJ642613.1:182243
2024-08-20 11:18:21 | DEBUG | Mapped MPXV_152_LEFT: MT903345:182121 -> KJ642613.1:181639
2024-08-20 11:18:21 | DEBUG | Mapped MPXV_152_RIGHT: MT903345:183821 -> KJ642613.1:183336
2024-08-20 11:18:21 | DEBUG | Mapped MPXV_153_LEFT: MT903345:182946 -> KJ642613.1:182464
2024-08-20 11:18:21 | DEBUG | Mapped MPXV_153_RIGHT: MT903345:184806 -> KJ642613.1:184321
2024-08-20 11:18:21 | DEBUG | Mapped MPXV_154_LEFT: MT903345:184089 -> KJ642613.1:183604
2024-08-20 11:18:21 | DEBUG | Mapped MPXV_154_RIGHT: MT903345:186170 -> KJ642613.1:185685
2024-08-20 11:18:21 | DEBUG | Mapped MPXV_155_LEFT: MT903345:185302 -> KJ642613.1:184817
2024-08-20 11:18:21 | DEBUG | Mapped MPXV_155_RIGHT: MT903345:187518 -> KJ642613.1:187033
2024-08-20 11:18:21 | DEBUG | Mapped MPXV_156_LEFT: MT903345:186779 -> KJ642613.1:186294
2024-08-20 11:18:21 | DEBUG | Mapped MPXV_156_RIGHT: MT903345:188744 -> KJ642613.1:188266
2024-08-20 11:18:21 | DEBUG | Mapped MPXV_157_LEFT: MT903345:188030 -> KJ642613.1:187545
2024-08-20 11:18:21 | DEBUG | Mapped MPXV_157_RIGHT: MT903345:189896 -> KJ642613.1:189418
2024-08-20 11:18:21 | DEBUG | Mapped MPXV_158_LEFT: MT903345:189188 -> KJ642613.1:188711
2024-08-20 11:18:21 | DEBUG | Mapped MPXV_158_RIGHT: MT903345:191049 -> KJ642613.1:190572
2024-08-20 11:18:21 | DEBUG | Mapped MPXV_159_LEFT: MT903345:190221 -> KJ642613.1:189743
2024-08-20 11:18:21 | DEBUG | Mapped MPXV_159_RIGHT: MT903345:192192 -> KJ642613.1:191715
2024-08-20 11:18:21 | DEBUG | Mapped MPXV_160_LEFT: MT903345:191620 -> KJ642613.1:191143
2024-08-20 11:18:21 | DEBUG | Mapped MPXV_160_RIGHT: MT903345:193193 -> KJ642613.1:192634
2024-08-20 11:18:21 | DEBUG | Mapped MPXV_161_LEFT: MT903345:192613 -> KJ642613.1:192054
2024-08-20 11:18:21 | DEBUG | Mapped MPXV_161_RIGHT: MT903345:194274 -> KJ642613.1:193715
2024-08-20 11:18:21 | DEBUG | Mapped MPXV_162_LEFT: MT903345:193286 -> KJ642613.1:192727
2024-08-20 11:18:21 | DEBUG | Mapped MPXV_162_RIGHT: MT903345:195268 -> KJ642613.1:194706
2024-08-20 11:18:21 | DEBUG | Mapped MPXV_163_LEFT: MT903345:194810 -> KJ642613.1:194251
2024-08-20 11:18:21 | DEBUG | Mapped MPXV_163_RIGHT: MT903345:196402 -> KJ642613.1:195859
2024-08-20 11:18:21 | WARNING | Imperfect mapping. See .log for details.
2024-08-20 11:18:21 | INFO | Writing output files...
2024-08-20 11:18:21 | INFO | Run complete
