2024-03-13 at 17:26:39 | INFO | Read in MSA: gh.align	seqs:78	cols:3258
2024-03-13 at 17:26:39 | INFO | Checking f3d7635a_0_LEFT
2024-03-13 at 17:26:39 | WARNING |              GAATATTGCCTCTCACATCTCGTCAAT	1	NOTADDED: Already Included
2024-03-13 at 17:26:39 | WARNING |               ACTATTGCCTCTCACATCTCGTCAAT	45	NOTADDED: Already Included
2024-03-13 at 17:26:39 | WARNING |             CGAATATTGCCTCTCACATCTCATCAAT	2	FAILED: Minor Allele
2024-03-13 at 17:26:39 | WARNING |             CGACTATTGCCTCTCTCACATCATCAAT	27	NOTADDED: Already Included
2024-03-13 at 17:26:39 | WARNING |            CCGACTATTGTCTCTCTCACATCATCAAT	2	FAILED: Minor Allele
2024-03-13 at 17:26:39 | WARNING |                CTATTGCCTCTCTCACATCGTCAAC	1	FAILED: Minor Allele
2024-03-13 at 17:26:39 | INFO | Checking f3d7635a_0_RIGHT
2024-03-13 at 17:26:39 | WARNING |                 GCCCCCAATACCACATCATCCATA	35	NOTADDED: Already Included
2024-03-13 at 17:26:39 | WARNING |                  CCCCCAATACCACATCATCCACA	6	NOTADDED: Already Included
2024-03-13 at 17:26:39 | WARNING |                GGCCCCCAATACCACATCATCAATA	9	NOTADDED: Already Included
2024-03-13 at 17:26:39 | WARNING |                 GCCCCCAATACCACATCATCGATA	1	FAILED: Minor Allele
2024-03-13 at 17:26:39 | WARNING |                GGCCCCCAATACCAAATCATCCATA	18	NOTADDED: Already Included
2024-03-13 at 17:26:39 | WARNING |                 GCCCCCAATACCAGATCATCCATA	7	NOTADDED: Already Included
2024-03-13 at 17:26:39 | WARNING |                 GCCCCCAATACCAAATCATCCACA	1	FAILED: Minor Allele
2024-03-13 at 17:26:39 | WARNING |                  CCCCCAATACCAGATCATCCACA	1	FAILED: Minor Allele
2024-03-13 at 17:26:39 | INFO | Checking f3d7635a_1_LEFT
2024-03-13 at 17:26:39 | WARNING |                   TGCACCTGTATTCCCATCCCAT	78	NOTADDED: Already Included
2024-03-13 at 17:26:39 | INFO | Checking f3d7635a_1_RIGHT
2024-03-13 at 17:26:39 | WARNING |                   TCAGCAAACACTTGGCACAGAC	50	NOTADDED: Already Included
2024-03-13 at 17:26:39 | WARNING |                   TCAGCAAACACTTGGCAAAGGC	28	NOTADDED: Already Included
2024-03-13 at 17:26:39 | INFO | Checking f3d7635a_2_LEFT
2024-03-13 at 17:26:39 | WARNING |                   AGGCTTTCACTTTCTCGCCAAC	3	NOTADDED: Already Included
2024-03-13 at 17:26:39 | WARNING |                 GCAGGCTTTTACTTTCTCGCCAAC	47	NOTADDED: Already Included
2024-03-13 at 17:26:39 | INFO |                  CAGGCTTTTGTTTTCTCGCCAAC	28	ADDED
2024-03-13 at 17:26:39 | INFO | Checking f3d7635a_2_RIGHT
2024-03-13 at 17:26:39 | WARNING |                 AGTCTTTGAAGTAGGCCTCAAGGT	1	NOTADDED: Already Included
2024-03-13 at 17:26:39 | INFO |               ACAGTCCTTGAAGTATTTCTCCACCC	40	ADDED
2024-03-13 at 17:26:39 | WARNING |               ACAGTCCTTCAAGTATTTCTCCACCC	1	FAILED: Minor Allele
2024-03-13 at 17:26:39 | INFO |              CACAGTCCTTGAAGTATTTCTCCATCC	6	ADDED
2024-03-13 at 17:26:39 | WARNING |               ACAGTCTTTGAAGTATGCCTCAAGGT	2	NOTADDED: Already Included
2024-03-13 at 17:26:39 | WARNING |              CACAGTCTTTGATGTAGTCCTCAATCC	3	FAILED: Minor Allele
2024-03-13 at 17:26:39 | INFO |             ACACAGTCTTTGATGTATTCCTCAATCC	24	ADDED
2024-03-13 at 17:26:39 | WARNING |              CACAGTCCTTGATGTATTCCTCAATCC	1	FAILED: Minor Allele
2024-03-13 at 17:26:39 | INFO | Checking f3d7635a_3_LEFT
2024-03-13 at 17:26:39 | WARNING |               CCCAAGGTCTTACATAAGAGGACTCT	1	NOTADDED: Already Included
2024-03-13 at 17:26:39 | INFO |              GCCAAGGCAGTTATATAAGAGGACTCT	32	ADDED
2024-03-13 at 17:26:39 | WARNING |              GCCAAGGCAGTTATATAAGTGGACTCT	1	FAILED: Minor Allele
2024-03-13 at 17:26:39 | INFO |             TGCCAAAGCAGTTATATAAGAGGACTCT	11	ADDED
2024-03-13 at 17:26:39 | WARNING |            CTACCAAGGCAGTTATATAAGAGGACTCT	2	FAILED: Minor Allele
2024-03-13 at 17:26:39 | WARNING |             TGCCAAGGCAGTTATATAAGAGGACTAT	1	FAILED: Minor Allele
2024-03-13 at 17:26:39 | WARNING |                CCAAGGTATTGCATAAGCGGACTCT	1	FAILED: Minor Allele
2024-03-13 at 17:26:39 | WARNING |               CCCAAGGTATTGCATAAGAGGACTCT	1	FAILED: Minor Allele
2024-03-13 at 17:26:39 | WARNING |              GCCAACAACCTTACATAAGAGGACTCT	21	FAILED: Interaction with pool
2024-03-13 at 17:26:39 | WARNING |               CCAACAACCTTGCATAAGAGGACTCT	1	FAILED: Minor Allele
2024-03-13 at 17:26:39 | WARNING |             TGCCAACAACCTTATATAAGAGGACTCT	3	FAILED: Minor Allele
2024-03-13 at 17:26:39 | WARNING |              GCCAACACCCTTACATAAAAGGACTCT	1	FAILED: Minor Allele
2024-03-13 at 17:26:39 | WARNING |              GCCAACAACCTTACATAAGAGAACTCT	2	FAILED: Minor Allele
2024-03-13 at 17:26:39 | INFO | Checking f3d7635a_3_RIGHT
2024-03-13 at 17:26:39 | WARNING |               GTTGATAAGATAGGGGCATTTGGTGG	3	NOTADDED: Already Included
2024-03-13 at 17:26:39 | WARNING |                 TGATAGGATAGGGGCATTTGGTGG	73	NOTADDED: Already Included
2024-03-13 at 17:26:39 | WARNING |                   ACAGGATAGGGGCATTTGGTGG	1	FAILED: Minor Allele
2024-03-13 at 17:26:39 | WARNING |                 GGATAGGATAGGGGCATTTGGTGG	1	NOTADDED: Already Included
2024-03-13 at 17:26:39 | INFO | Checking f3d7635a_4_LEFT
2024-03-13 at 17:26:40 | WARNING |           GTGGTTTCATATATCTTGCCTTACTTTTGG	1	NOTADDED: Already Included
2024-03-13 at 17:26:40 | WARNING |             GGTTTCACATTTCCTGTCTTACTTTTGG	47	NOTADDED: Already Included
2024-03-13 at 17:26:40 | WARNING |             GGTTTCACATTTCCTGTCTTATGTTTGG	1	FAILED: Minor Allele
2024-03-13 at 17:26:40 | WARNING |              GTTTCACATTTCCTGTCTTACGTTTGG	1	FAILED: Minor Allele
2024-03-13 at 17:26:40 | INFO |             GGTTTCATATTTCCTGCCTTACATTTGG	7	ADDED
2024-03-13 at 17:26:40 | INFO |              GTTTCACATTTCCTGCCTTACATTTGG	16	ADDED
2024-03-13 at 17:26:40 | WARNING |              GTTTCATATTTCCTGCCTTACGTTTGG	1	FAILED: Minor Allele
2024-03-13 at 17:26:40 | WARNING |             GGTTTCACATTTCTTGCCTTACATTTGG	4	FAILED: Minor Allele
2024-03-13 at 17:26:40 | INFO | Checking f3d7635a_4_RIGHT
2024-03-13 at 17:26:40 | WARNING |                  CCATGCTGTAGCTCTTGTTCCCA	29	NOTADDED: Already Included
2024-03-13 at 17:26:40 | WARNING |                 CCCATGCTGTAGATCTTGTTCCCA	47	NOTADDED: Already Included
2024-03-13 at 17:26:40 | WARNING |                     TGCTGTGGCTCTTGTTCCCT	1	FAILED: Minor Allele
2024-03-13 at 17:26:40 | WARNING |                 CCCATGCTGTAGTTCTTGTTCCCA	1	FAILED: Minor Allele
2024-03-13 at 17:26:40 | WARNING |                 CCCATGCTGTAGCTCTTGTTCCAA	1	FAILED: Minor Allele
2024-03-13 at 17:26:40 | INFO | Checking f3d7635a_5_LEFT
2024-03-13 at 17:26:40 | WARNING |               AAGGCTGGTATTCTATATAAGCGGGA	1	FAILED: Minor Allele
2024-03-13 at 17:26:40 | INFO |             GGAAGGCGGGTATTCTATATAAGAGAGA	44	ADDED
2024-03-13 at 17:26:40 | WARNING |            TGGAAGGCGGGTATTTTATATAAGAGAGA	1	NOTADDED: Already Included
2024-03-13 at 17:26:40 | WARNING |          TTTGGAAGACGGGTATTCTATATAAGAGAGA	1	FAILED: Minor Allele
2024-03-13 at 17:26:40 | WARNING |            TGGAAAGCTGGCATTCTATATAAGAGAGA	2	NOTADDED: Already Included
2024-03-13 at 17:26:40 | WARNING |               AAGGCGGGTATTCTATATAAGCGAGA	1	FAILED: Minor Allele
2024-03-13 at 17:26:40 | INFO |            TGGAAGGCAGGAATTCTATATAAGAGAGA	26	ADDED
2024-03-13 at 17:26:40 | WARNING |          TGTGGAAGGCAAGAATTCTATATAAGAGAGA	1	FAILED: Minor Allele
2024-03-13 at 17:26:40 | WARNING |             GGAAGGCAGGAATCCTATATAAGAGAGA	1	FAILED: Minor Allele
2024-03-13 at 17:26:40 | INFO | Checking f3d7635a_5_RIGHT
2024-03-13 at 17:26:40 | WARNING |                 AGACTCTGCGGTATTGTGAGGATT	48	NOTADDED: Already Included
2024-03-13 at 17:26:40 | WARNING |             GTCTAGACTCTGTGGTATTGTGAGGATT	18	NOTADDED: Already Included
2024-03-13 at 17:26:40 | WARNING |            AGTCTAGACTCTTTGGTATTGTGAGGATT	9	NOTADDED: Already Included
2024-03-13 at 17:26:40 | WARNING |             GTCTAGACTCTTTGGTATTGTGAGGACT	1	FAILED: Minor Allele
2024-03-13 at 17:26:40 | WARNING |                 AGACTCCGTGGTATTGTGAGGATT	1	FAILED: Minor Allele
2024-03-13 at 17:26:40 | WARNING |                 AGACTCTGTGGTATTGTGCGGATT	1	FAILED: Minor Allele
